<?xml version="1.0" encoding="UTF-8"?>
<!-- Generated by org.testng.reporters.JUnitReportReporter -->
<testsuite hostname="chk-PC" name="com.ampapplication.Hello" tests="1" failures="0" timestamp="15 Sep 2016 10:35:26 GMT" time="0.012" errors="0">
  <testcase name="displaysop" time="0.012" classname="com.ampapplication.Hello"/>
</testsuite> <!-- com.ampapplication.Hello -->
