<?xml version="1.0" encoding="UTF-8"?>
<!-- Generated by org.testng.reporters.JUnitReportReporter -->
<testsuite hostname="chk-PC" name="com.ampapplication.Hello" tests="1" failures="0" timestamp="23 Sep 2016 11:01:52 GMT" time="20.349" errors="0">
  <testcase name="displaysop" time="20.349" classname="com.ampapplication.Hello"/>
</testsuite> <!-- com.ampapplication.Hello -->
